==========================================
STARTING bakeoff-priv at 2026-05-04 13:10:59
==========================================
FINISHED bakeoff-priv after 279m at 2026-05-04 17:50:32
==========================================
STARTING bakeoff-xlmr at 2026-05-04 17:50:32
==========================================
FAILED bakeoff-xlmr at 2026-05-04 17:55:01
==========================================
STARTING bakeoff-swissbert at 2026-05-04 17:55:01
==========================================
FAILED bakeoff-swissbert at 2026-05-04 17:55:07
==========================================
ALL BAKE-OFF RUNS DONE at 2026-05-04 17:55:07
==========================================
07
==========================================
==========================================
RESUMED RUNS DONE at 2026-05-04 19:55:52
==========================================
