==========================================
STARTING bakeoff-swissbert at 2026-05-04 17:55:01
==========================================
Traceback (most recent call last):
  File "/home/joelbarmettler/projects/gheim/.venv/lib/python3.13/site-packages/huggingface_hub/utils/_http.py", line 761, in hf_raise_for_status
    response.raise_for_status()
    ~~~~~~~~~~~~~~~~~~~~~~~~~^^
  File "/home/joelbarmettler/projects/gheim/.venv/lib/python3.13/site-packages/httpx/_models.py", line 829, in raise_for_status
    raise HTTPStatusError(message, request=request, response=self)
httpx.HTTPStatusError: Client error '401 Unauthorized' for url 'https://huggingface.co/ZurichNLP/swissbert-large/resolve/main/config.json'
For more information check: https://developer.mozilla.org/en-US/docs/Web/HTTP/Status/401

The above exception was the direct cause of the following exception:

Traceback (most recent call last):
  File "/home/joelbarmettler/projects/gheim/.venv/lib/python3.13/site-packages/transformers/utils/hub.py", line 422, in cached_files
    hf_hub_download(
    ~~~~~~~~~~~~~~~^
        path_or_repo_id,
        ^^^^^^^^^^^^^^^^
    ...<10 lines>...
        tqdm_class=tqdm_class,
        ^^^^^^^^^^^^^^^^^^^^^^
    )
    ^
  File "/home/joelbarmettler/projects/gheim/.venv/lib/python3.13/site-packages/huggingface_hub/utils/_validators.py", line 88, in _inner_fn
    return fn(*args, **kwargs)
  File "/home/joelbarmettler/projects/gheim/.venv/lib/python3.13/site-packages/huggingface_hub/file_download.py", line 997, in hf_hub_download
    return _hf_hub_download_to_cache_dir(
        # Destination
    ...<15 lines>...
        dry_run=dry_run,
    )
  File "/home/joelbarmettler/projects/gheim/.venv/lib/python3.13/site-packages/huggingface_hub/file_download.py", line 1148, in _hf_hub_download_to_cache_dir
    _raise_on_head_call_error(head_call_error, force_download, local_files_only)
    ~~~~~~~~~~~~~~~~~~~~~~~~~^^^^^^^^^^^^^^^^^^^^^^^^^^^^^^^^^^^^^^^^^^^^^^^^^^^
  File "/home/joelbarmettler/projects/gheim/.venv/lib/python3.13/site-packages/huggingface_hub/file_download.py", line 1782, in _raise_on_head_call_error
    raise head_call_error
  File "/home/joelbarmettler/projects/gheim/.venv/lib/python3.13/site-packages/huggingface_hub/file_download.py", line 1669, in _get_metadata_or_catch_error
    metadata = get_hf_file_metadata(
        url=url,
    ...<4 lines>...
        retry_on_errors=retry_on_errors,
    )
  File "/home/joelbarmettler/projects/gheim/.venv/lib/python3.13/site-packages/huggingface_hub/utils/_validators.py", line 88, in _inner_fn
    return fn(*args, **kwargs)
  File "/home/joelbarmettler/projects/gheim/.venv/lib/python3.13/site-packages/huggingface_hub/file_download.py", line 1591, in get_hf_file_metadata
    response = _httpx_follow_relative_redirects_with_backoff(
        method="HEAD", url=url, headers=hf_headers, timeout=timeout, retry_on_errors=retry_on_errors
    )
  File "/home/joelbarmettler/projects/gheim/.venv/lib/python3.13/site-packages/huggingface_hub/utils/_http.py", line 692, in _httpx_follow_relative_redirects_with_backoff
    hf_raise_for_status(response)
    ~~~~~~~~~~~~~~~~~~~^^^^^^^^^^
  File "/home/joelbarmettler/projects/gheim/.venv/lib/python3.13/site-packages/huggingface_hub/utils/_http.py", line 835, in hf_raise_for_status
    raise _format(RepositoryNotFoundError, message, response, repo_type=repo_type, repo_id=repo_id) from e
huggingface_hub.errors.RepositoryNotFoundError: 401 Client Error. (Request ID: Root=1-69f8c15a-2d989cdd449de65958de4cc7;17eb46d6-2d2c-45f3-b2d3-7aebe8473e30)

Repository Not Found for url: https://huggingface.co/ZurichNLP/swissbert-large/resolve/main/config.json.
Please make sure you specified the correct `repo_id` and `repo_type`.
If you are trying to access a private or gated repo, make sure you are authenticated and your token has the required permissions.
For more details, see https://huggingface.co/docs/huggingface_hub/authentication
Invalid username or password.

The above exception was the direct cause of the following exception:

Traceback (most recent call last):
  File "/home/joelbarmettler/projects/gheim/.venv/lib/python3.13/site-packages/transformers/models/auto/tokenization_auto.py", line 686, in from_pretrained
    config = AutoConfig.from_pretrained(
        pretrained_model_name_or_path, trust_remote_code=trust_remote_code, **kwargs
    )
  File "/home/joelbarmettler/projects/gheim/.venv/lib/python3.13/site-packages/transformers/models/auto/configuration_auto.py", line 374, in from_pretrained
    config_dict, unused_kwargs = PreTrainedConfig.get_config_dict(pretrained_model_name_or_path, **kwargs)
                                 ~~~~~~~~~~~~~~~~~~~~~~~~~~~~~~~~^^^^^^^^^^^^^^^^^^^^^^^^^^^^^^^^^^^^^^^^^
  File "/home/joelbarmettler/projects/gheim/.venv/lib/python3.13/site-packages/transformers/configuration_utils.py", line 673, in get_config_dict
    config_dict, kwargs = cls._get_config_dict(pretrained_model_name_or_path, **kwargs)
                          ~~~~~~~~~~~~~~~~~~~~^^^^^^^^^^^^^^^^^^^^^^^^^^^^^^^^^^^^^^^^^
  File "/home/joelbarmettler/projects/gheim/.venv/lib/python3.13/site-packages/transformers/configuration_utils.py", line 728, in _get_config_dict
    resolved_config_file = cached_file(
        pretrained_model_name_or_path,
    ...<9 lines>...
        _commit_hash=commit_hash,
    )
  File "/home/joelbarmettler/projects/gheim/.venv/lib/python3.13/site-packages/transformers/utils/hub.py", line 278, in cached_file
    file = cached_files(path_or_repo_id=path_or_repo_id, filenames=[filename], **kwargs)
  File "/home/joelbarmettler/projects/gheim/.venv/lib/python3.13/site-packages/transformers/utils/hub.py", line 454, in cached_files
    raise OSError(
    ...<4 lines>...
    ) from e
OSError: ZurichNLP/swissbert-large is not a local folder and is not a valid model identifier listed on 'https://huggingface.co/models'
If this is a private repository, make sure to pass a token having permission to this repo either by logging in with `hf auth login` or by passing `token=<your_token>`

During handling of the above exception, another exception occurred:

Traceback (most recent call last):
  File "/home/joelbarmettler/projects/gheim/.venv/lib/python3.13/site-packages/huggingface_hub/utils/_http.py", line 761, in hf_raise_for_status
    response.raise_for_status()
    ~~~~~~~~~~~~~~~~~~~~~~~~~^^
  File "/home/joelbarmettler/projects/gheim/.venv/lib/python3.13/site-packages/httpx/_models.py", line 829, in raise_for_status
    raise HTTPStatusError(message, request=request, response=self)
httpx.HTTPStatusError: Client error '401 Unauthorized' for url 'https://huggingface.co/ZurichNLP/swissbert-large/resolve/main/config.json'
For more information check: https://developer.mozilla.org/en-US/docs/Web/HTTP/Status/401

The above exception was the direct cause of the following exception:

Traceback (most recent call last):
  File "/home/joelbarmettler/projects/gheim/.venv/lib/python3.13/site-packages/transformers/utils/hub.py", line 422, in cached_files
    hf_hub_download(
    ~~~~~~~~~~~~~~~^
        path_or_repo_id,
        ^^^^^^^^^^^^^^^^
    ...<10 lines>...
        tqdm_class=tqdm_class,
        ^^^^^^^^^^^^^^^^^^^^^^
    )
    ^
  File "/home/joelbarmettler/projects/gheim/.venv/lib/python3.13/site-packages/huggingface_hub/utils/_validators.py", line 88, in _inner_fn
    return fn(*args, **kwargs)
  File "/home/joelbarmettler/projects/gheim/.venv/lib/python3.13/site-packages/huggingface_hub/file_download.py", line 997, in hf_hub_download
    return _hf_hub_download_to_cache_dir(
        # Destination
    ...<15 lines>...
        dry_run=dry_run,
    )
  File "/home/joelbarmettler/projects/gheim/.venv/lib/python3.13/site-packages/huggingface_hub/file_download.py", line 1148, in _hf_hub_download_to_cache_dir
    _raise_on_head_call_error(head_call_error, force_download, local_files_only)
    ~~~~~~~~~~~~~~~~~~~~~~~~~^^^^^^^^^^^^^^^^^^^^^^^^^^^^^^^^^^^^^^^^^^^^^^^^^^^
  File "/home/joelbarmettler/projects/gheim/.venv/lib/python3.13/site-packages/huggingface_hub/file_download.py", line 1782, in _raise_on_head_call_error
    raise head_call_error
  File "/home/joelbarmettler/projects/gheim/.venv/lib/python3.13/site-packages/huggingface_hub/file_download.py", line 1669, in _get_metadata_or_catch_error
    metadata = get_hf_file_metadata(
        url=url,
    ...<4 lines>...
        retry_on_errors=retry_on_errors,
    )
  File "/home/joelbarmettler/projects/gheim/.venv/lib/python3.13/site-packages/huggingface_hub/utils/_validators.py", line 88, in _inner_fn
    return fn(*args, **kwargs)
  File "/home/joelbarmettler/projects/gheim/.venv/lib/python3.13/site-packages/huggingface_hub/file_download.py", line 1591, in get_hf_file_metadata
    response = _httpx_follow_relative_redirects_with_backoff(
        method="HEAD", url=url, headers=hf_headers, timeout=timeout, retry_on_errors=retry_on_errors
    )
  File "/home/joelbarmettler/projects/gheim/.venv/lib/python3.13/site-packages/huggingface_hub/utils/_http.py", line 692, in _httpx_follow_relative_redirects_with_backoff
    hf_raise_for_status(response)
    ~~~~~~~~~~~~~~~~~~~^^^^^^^^^^
  File "/home/joelbarmettler/projects/gheim/.venv/lib/python3.13/site-packages/huggingface_hub/utils/_http.py", line 835, in hf_raise_for_status
    raise _format(RepositoryNotFoundError, message, response, repo_type=repo_type, repo_id=repo_id) from e
huggingface_hub.errors.RepositoryNotFoundError: 401 Client Error. (Request ID: Root=1-69f8c15a-33dd96cf7cfb33706d53d67a;b2a23f60-87dd-4708-abe2-b5294e9a15ce)

Repository Not Found for url: https://huggingface.co/ZurichNLP/swissbert-large/resolve/main/config.json.
Please make sure you specified the correct `repo_id` and `repo_type`.
If you are trying to access a private or gated repo, make sure you are authenticated and your token has the required permissions.
For more details, see https://huggingface.co/docs/huggingface_hub/authentication
Invalid username or password.

The above exception was the direct cause of the following exception:

Traceback (most recent call last):
  File "<frozen runpy>", line 198, in _run_module_as_main
  File "<frozen runpy>", line 88, in _run_code
  File "/home/joelbarmettler/projects/gheim/training/src/gheim_training/train.py", line 238, in <module>
    main()
    ~~~~^^
  File "/home/joelbarmettler/projects/gheim/training/src/gheim_training/train.py", line 94, in main
    tokenizer = AutoTokenizer.from_pretrained(base_model, use_fast=True, trust_remote_code=True)
  File "/home/joelbarmettler/projects/gheim/.venv/lib/python3.13/site-packages/transformers/models/auto/tokenization_auto.py", line 690, in from_pretrained
    config = PreTrainedConfig.from_pretrained(pretrained_model_name_or_path, **kwargs)
  File "/home/joelbarmettler/projects/gheim/.venv/lib/python3.13/site-packages/transformers/configuration_utils.py", line 632, in from_pretrained
    config_dict, kwargs = cls.get_config_dict(pretrained_model_name_or_path, **kwargs)
                          ~~~~~~~~~~~~~~~~~~~^^^^^^^^^^^^^^^^^^^^^^^^^^^^^^^^^^^^^^^^^
  File "/home/joelbarmettler/projects/gheim/.venv/lib/python3.13/site-packages/transformers/configuration_utils.py", line 673, in get_config_dict
    config_dict, kwargs = cls._get_config_dict(pretrained_model_name_or_path, **kwargs)
                          ~~~~~~~~~~~~~~~~~~~~^^^^^^^^^^^^^^^^^^^^^^^^^^^^^^^^^^^^^^^^^
  File "/home/joelbarmettler/projects/gheim/.venv/lib/python3.13/site-packages/transformers/configuration_utils.py", line 728, in _get_config_dict
    resolved_config_file = cached_file(
        pretrained_model_name_or_path,
    ...<9 lines>...
        _commit_hash=commit_hash,
    )
  File "/home/joelbarmettler/projects/gheim/.venv/lib/python3.13/site-packages/transformers/utils/hub.py", line 278, in cached_file
    file = cached_files(path_or_repo_id=path_or_repo_id, filenames=[filename], **kwargs)
  File "/home/joelbarmettler/projects/gheim/.venv/lib/python3.13/site-packages/transformers/utils/hub.py", line 454, in cached_files
    raise OSError(
    ...<4 lines>...
    ) from e
OSError: ZurichNLP/swissbert-large is not a local folder and is not a valid model identifier listed on 'https://huggingface.co/models'
If this is a private repository, make sure to pass a token having permission to this repo either by logging in with `hf auth login` or by passing `token=<your_token>`
Traceback (most recent call last):
  File "/home/joelbarmettler/projects/gheim/.venv/lib/python3.13/site-packages/huggingface_hub/utils/_http.py", line 761, in hf_raise_for_status
    response.raise_for_status()
    ~~~~~~~~~~~~~~~~~~~~~~~~~^^
  File "/home/joelbarmettler/projects/gheim/.venv/lib/python3.13/site-packages/httpx/_models.py", line 829, in raise_for_status
    raise HTTPStatusError(message, request=request, response=self)
httpx.HTTPStatusError: Client error '401 Unauthorized' for url 'https://huggingface.co/ZurichNLP/swissbert-large/resolve/main/config.json'
For more information check: https://developer.mozilla.org/en-US/docs/Web/HTTP/Status/401

The above exception was the direct cause of the following exception:

Traceback (most recent call last):
  File "/home/joelbarmettler/projects/gheim/.venv/lib/python3.13/site-packages/transformers/utils/hub.py", line 422, in cached_files
    hf_hub_download(
    ~~~~~~~~~~~~~~~^
        path_or_repo_id,
        ^^^^^^^^^^^^^^^^
    ...<10 lines>...
        tqdm_class=tqdm_class,
        ^^^^^^^^^^^^^^^^^^^^^^
    )
    ^
  File "/home/joelbarmettler/projects/gheim/.venv/lib/python3.13/site-packages/huggingface_hub/utils/_validators.py", line 88, in _inner_fn
    return fn(*args, **kwargs)
  File "/home/joelbarmettler/projects/gheim/.venv/lib/python3.13/site-packages/huggingface_hub/file_download.py", line 997, in hf_hub_download
    return _hf_hub_download_to_cache_dir(
        # Destination
    ...<15 lines>...
        dry_run=dry_run,
    )
  File "/home/joelbarmettler/projects/gheim/.venv/lib/python3.13/site-packages/huggingface_hub/file_download.py", line 1148, in _hf_hub_download_to_cache_dir
    _raise_on_head_call_error(head_call_error, force_download, local_files_only)
    ~~~~~~~~~~~~~~~~~~~~~~~~~^^^^^^^^^^^^^^^^^^^^^^^^^^^^^^^^^^^^^^^^^^^^^^^^^^^
  File "/home/joelbarmettler/projects/gheim/.venv/lib/python3.13/site-packages/huggingface_hub/file_download.py", line 1782, in _raise_on_head_call_error
    raise head_call_error
  File "/home/joelbarmettler/projects/gheim/.venv/lib/python3.13/site-packages/huggingface_hub/file_download.py", line 1669, in _get_metadata_or_catch_error
    metadata = get_hf_file_metadata(
        url=url,
    ...<4 lines>...
        retry_on_errors=retry_on_errors,
    )
  File "/home/joelbarmettler/projects/gheim/.venv/lib/python3.13/site-packages/huggingface_hub/utils/_validators.py", line 88, in _inner_fn
    return fn(*args, **kwargs)
  File "/home/joelbarmettler/projects/gheim/.venv/lib/python3.13/site-packages/huggingface_hub/file_download.py", line 1591, in get_hf_file_metadata
    response = _httpx_follow_relative_redirects_with_backoff(
        method="HEAD", url=url, headers=hf_headers, timeout=timeout, retry_on_errors=retry_on_errors
    )
  File "/home/joelbarmettler/projects/gheim/.venv/lib/python3.13/site-packages/huggingface_hub/utils/_http.py", line 692, in _httpx_follow_relative_redirects_with_backoff
    hf_raise_for_status(response)
    ~~~~~~~~~~~~~~~~~~~^^^^^^^^^^
  File "/home/joelbarmettler/projects/gheim/.venv/lib/python3.13/site-packages/huggingface_hub/utils/_http.py", line 835, in hf_raise_for_status
    raise _format(RepositoryNotFoundError, message, response, repo_type=repo_type, repo_id=repo_id) from e
huggingface_hub.errors.RepositoryNotFoundError: 401 Client Error. (Request ID: Root=1-69f8c15a-36ed2d660f0bfd51532a0db4;c396de10-5815-4f8f-817f-db8cd6741bc4)

Repository Not Found for url: https://huggingface.co/ZurichNLP/swissbert-large/resolve/main/config.json.
Please make sure you specified the correct `repo_id` and `repo_type`.
If you are trying to access a private or gated repo, make sure you are authenticated and your token has the required permissions.
For more details, see https://huggingface.co/docs/huggingface_hub/authentication
Invalid username or password.

The above exception was the direct cause of the following exception:

Traceback (most recent call last):
  File "/home/joelbarmettler/projects/gheim/.venv/lib/python3.13/site-packages/transformers/models/auto/tokenization_auto.py", line 686, in from_pretrained
    config = AutoConfig.from_pretrained(
        pretrained_model_name_or_path, trust_remote_code=trust_remote_code, **kwargs
    )
  File "/home/joelbarmettler/projects/gheim/.venv/lib/python3.13/site-packages/transformers/models/auto/configuration_auto.py", line 374, in from_pretrained
    config_dict, unused_kwargs = PreTrainedConfig.get_config_dict(pretrained_model_name_or_path, **kwargs)
                                 ~~~~~~~~~~~~~~~~~~~~~~~~~~~~~~~~^^^^^^^^^^^^^^^^^^^^^^^^^^^^^^^^^^^^^^^^^
  File "/home/joelbarmettler/projects/gheim/.venv/lib/python3.13/site-packages/transformers/configuration_utils.py", line 673, in get_config_dict
    config_dict, kwargs = cls._get_config_dict(pretrained_model_name_or_path, **kwargs)
                          ~~~~~~~~~~~~~~~~~~~~^^^^^^^^^^^^^^^^^^^^^^^^^^^^^^^^^^^^^^^^^
  File "/home/joelbarmettler/projects/gheim/.venv/lib/python3.13/site-packages/transformers/configuration_utils.py", line 728, in _get_config_dict
    resolved_config_file = cached_file(
        pretrained_model_name_or_path,
    ...<9 lines>...
        _commit_hash=commit_hash,
    )
  File "/home/joelbarmettler/projects/gheim/.venv/lib/python3.13/site-packages/transformers/utils/hub.py", line 278, in cached_file
    file = cached_files(path_or_repo_id=path_or_repo_id, filenames=[filename], **kwargs)
  File "/home/joelbarmettler/projects/gheim/.venv/lib/python3.13/site-packages/transformers/utils/hub.py", line 454, in cached_files
    raise OSError(
    ...<4 lines>...
    ) from e
OSError: ZurichNLP/swissbert-large is not a local folder and is not a valid model identifier listed on 'https://huggingface.co/models'
If this is a private repository, make sure to pass a token having permission to this repo either by logging in with `hf auth login` or by passing `token=<your_token>`

During handling of the above exception, another exception occurred:

Traceback (most recent call last):
  File "/home/joelbarmettler/projects/gheim/.venv/lib/python3.13/site-packages/huggingface_hub/utils/_http.py", line 761, in hf_raise_for_status
    response.raise_for_status()
    ~~~~~~~~~~~~~~~~~~~~~~~~~^^
  File "/home/joelbarmettler/projects/gheim/.venv/lib/python3.13/site-packages/httpx/_models.py", line 829, in raise_for_status
    raise HTTPStatusError(message, request=request, response=self)
httpx.HTTPStatusError: Client error '401 Unauthorized' for url 'https://huggingface.co/ZurichNLP/swissbert-large/resolve/main/config.json'
For more information check: https://developer.mozilla.org/en-US/docs/Web/HTTP/Status/401

The above exception was the direct cause of the following exception:

Traceback (most recent call last):
  File "/home/joelbarmettler/projects/gheim/.venv/lib/python3.13/site-packages/transformers/utils/hub.py", line 422, in cached_files
    hf_hub_download(
    ~~~~~~~~~~~~~~~^
        path_or_repo_id,
        ^^^^^^^^^^^^^^^^
    ...<10 lines>...
        tqdm_class=tqdm_class,
        ^^^^^^^^^^^^^^^^^^^^^^
    )
    ^
  File "/home/joelbarmettler/projects/gheim/.venv/lib/python3.13/site-packages/huggingface_hub/utils/_validators.py", line 88, in _inner_fn
    return fn(*args, **kwargs)
  File "/home/joelbarmettler/projects/gheim/.venv/lib/python3.13/site-packages/huggingface_hub/file_download.py", line 997, in hf_hub_download
    return _hf_hub_download_to_cache_dir(
        # Destination
    ...<15 lines>...
        dry_run=dry_run,
    )
  File "/home/joelbarmettler/projects/gheim/.venv/lib/python3.13/site-packages/huggingface_hub/file_download.py", line 1148, in _hf_hub_download_to_cache_dir
    _raise_on_head_call_error(head_call_error, force_download, local_files_only)
    ~~~~~~~~~~~~~~~~~~~~~~~~~^^^^^^^^^^^^^^^^^^^^^^^^^^^^^^^^^^^^^^^^^^^^^^^^^^^
  File "/home/joelbarmettler/projects/gheim/.venv/lib/python3.13/site-packages/huggingface_hub/file_download.py", line 1782, in _raise_on_head_call_error
    raise head_call_error
  File "/home/joelbarmettler/projects/gheim/.venv/lib/python3.13/site-packages/huggingface_hub/file_download.py", line 1669, in _get_metadata_or_catch_error
    metadata = get_hf_file_metadata(
        url=url,
    ...<4 lines>...
        retry_on_errors=retry_on_errors,
    )
  File "/home/joelbarmettler/projects/gheim/.venv/lib/python3.13/site-packages/huggingface_hub/utils/_validators.py", line 88, in _inner_fn
    return fn(*args, **kwargs)
  File "/home/joelbarmettler/projects/gheim/.venv/lib/python3.13/site-packages/huggingface_hub/file_download.py", line 1591, in get_hf_file_metadata
    response = _httpx_follow_relative_redirects_with_backoff(
        method="HEAD", url=url, headers=hf_headers, timeout=timeout, retry_on_errors=retry_on_errors
    )
  File "/home/joelbarmettler/projects/gheim/.venv/lib/python3.13/site-packages/huggingface_hub/utils/_http.py", line 692, in _httpx_follow_relative_redirects_with_backoff
    hf_raise_for_status(response)
    ~~~~~~~~~~~~~~~~~~~^^^^^^^^^^
  File "/home/joelbarmettler/projects/gheim/.venv/lib/python3.13/site-packages/huggingface_hub/utils/_http.py", line 835, in hf_raise_for_status
    raise _format(RepositoryNotFoundError, message, response, repo_type=repo_type, repo_id=repo_id) from e
huggingface_hub.errors.RepositoryNotFoundError: 401 Client Error. (Request ID: Root=1-69f8c15a-5ab793ea6833cca56d8b12e4;780f5de1-7e54-4f9b-a19f-44f480ba5ea1)

Repository Not Found for url: https://huggingface.co/ZurichNLP/swissbert-large/resolve/main/config.json.
Please make sure you specified the correct `repo_id` and `repo_type`.
If you are trying to access a private or gated repo, make sure you are authenticated and your token has the required permissions.
For more details, see https://huggingface.co/docs/huggingface_hub/authentication
Invalid username or password.

The above exception was the direct cause of the following exception:

Traceback (most recent call last):
  File "<frozen runpy>", line 198, in _run_module_as_main
  File "<frozen runpy>", line 88, in _run_code
  File "/home/joelbarmettler/projects/gheim/training/src/gheim_training/train.py", line 238, in <module>
    main()
    ~~~~^^
  File "/home/joelbarmettler/projects/gheim/training/src/gheim_training/train.py", line 94, in main
    tokenizer = AutoTokenizer.from_pretrained(base_model, use_fast=True, trust_remote_code=True)
  File "/home/joelbarmettler/projects/gheim/.venv/lib/python3.13/site-packages/transformers/models/auto/tokenization_auto.py", line 690, in from_pretrained
    config = PreTrainedConfig.from_pretrained(pretrained_model_name_or_path, **kwargs)
  File "/home/joelbarmettler/projects/gheim/.venv/lib/python3.13/site-packages/transformers/configuration_utils.py", line 632, in from_pretrained
    config_dict, kwargs = cls.get_config_dict(pretrained_model_name_or_path, **kwargs)
                          ~~~~~~~~~~~~~~~~~~~^^^^^^^^^^^^^^^^^^^^^^^^^^^^^^^^^^^^^^^^^
  File "/home/joelbarmettler/projects/gheim/.venv/lib/python3.13/site-packages/transformers/configuration_utils.py", line 673, in get_config_dict
    config_dict, kwargs = cls._get_config_dict(pretrained_model_name_or_path, **kwargs)
                          ~~~~~~~~~~~~~~~~~~~~^^^^^^^^^^^^^^^^^^^^^^^^^^^^^^^^^^^^^^^^^
  File "/home/joelbarmettler/projects/gheim/.venv/lib/python3.13/site-packages/transformers/configuration_utils.py", line 728, in _get_config_dict
    resolved_config_file = cached_file(
        pretrained_model_name_or_path,
    ...<9 lines>...
        _commit_hash=commit_hash,
    )
  File "/home/joelbarmettler/projects/gheim/.venv/lib/python3.13/site-packages/transformers/utils/hub.py", line 278, in cached_file
    file = cached_files(path_or_repo_id=path_or_repo_id, filenames=[filename], **kwargs)
  File "/home/joelbarmettler/projects/gheim/.venv/lib/python3.13/site-packages/transformers/utils/hub.py", line 454, in cached_files
    raise OSError(
    ...<4 lines>...
    ) from e
OSError: ZurichNLP/swissbert-large is not a local folder and is not a valid model identifier listed on 'https://huggingface.co/models'
If this is a private repository, make sure to pass a token having permission to this repo either by logging in with `hf auth login` or by passing `token=<your_token>`
E0504 17:55:07.258000 100263 torch/distributed/elastic/multiprocessing/api.py:986] failed (exitcode: 1) local_rank: 0 (pid: 100339) of binary: /home/joelbarmettler/projects/gheim/.venv/bin/python
Traceback (most recent call last):
  File "/home/joelbarmettler/projects/gheim/.venv/bin/accelerate", line 10, in <module>
    sys.exit(main())
             ~~~~^^
  File "/home/joelbarmettler/projects/gheim/.venv/lib/python3.13/site-packages/accelerate/commands/accelerate_cli.py", line 50, in main
    args.func(args)
    ~~~~~~~~~^^^^^^
  File "/home/joelbarmettler/projects/gheim/.venv/lib/python3.13/site-packages/accelerate/commands/launch.py", line 1396, in launch_command
    multi_gpu_launcher(args)
    ~~~~~~~~~~~~~~~~~~^^^^^^
  File "/home/joelbarmettler/projects/gheim/.venv/lib/python3.13/site-packages/accelerate/commands/launch.py", line 1023, in multi_gpu_launcher
    distrib_run.run(args)
    ~~~~~~~~~~~~~~~^^^^^^
  File "/home/joelbarmettler/projects/gheim/.venv/lib/python3.13/site-packages/torch/distributed/run.py", line 981, in run
    elastic_launch(
    ~~~~~~~~~~~~~~~
        config=config,
        ~~~~~~~~~~~~~~
        entrypoint=cmd,
        ~~~~~~~~~~~~~~~
    )(*cmd_args)
    ~^^^^^^^^^^^
  File "/home/joelbarmettler/projects/gheim/.venv/lib/python3.13/site-packages/torch/distributed/launcher/api.py", line 170, in __call__
    return launch_agent(self._config, self._entrypoint, list(args))
  File "/home/joelbarmettler/projects/gheim/.venv/lib/python3.13/site-packages/torch/distributed/launcher/api.py", line 317, in launch_agent
    raise ChildFailedError(
    ...<2 lines>...
    )
torch.distributed.elastic.multiprocessing.errors.ChildFailedError: 
============================================================
gheim_training.train FAILED
------------------------------------------------------------
Failures:
[1]:
  time      : 2026-05-04_17:55:07
  host      : pop-os.taild91bda.ts.net
  rank      : 1 (local_rank: 1)
  exitcode  : 1 (pid: 100340)
  error_file: <N/A>
  traceback : To enable traceback see: https://pytorch.org/docs/stable/elastic/errors.html
------------------------------------------------------------
Root Cause (first observed failure):
[0]:
  time      : 2026-05-04_17:55:07
  host      : pop-os.taild91bda.ts.net
  rank      : 0 (local_rank: 0)
  exitcode  : 1 (pid: 100339)
  error_file: <N/A>
  traceback : To enable traceback see: https://pytorch.org/docs/stable/elastic/errors.html
============================================================
FAILED bakeoff-swissbert at 2026-05-04 17:55:07
